
             Peterson College
    Advisees of Professor Pete Peters
         Fall 2013 to Spring 2014

ID   Student Name      Degree  CrHrs   GPA
------------------------------------------
1719 Boole, George     BS         17  3.87
2056 Pascal, Blaise    M          16  3.14
3348 Berry, Clifford   BS         12  3.56
3834 Lovelace, Ada     BS         15  3.90
3966 Leno, Jay         AS         10  3.75
4242 Watson, Tom       BS         14  3.33
5132 Hopper, Grace     AS         13  2.85
6177 Gates, Bill       BS         12  1.92
7676 Shell, Donald     MS         23  4.00
7843 Mauchly, John     M          21  4.00
9292 Hollerith, Herman BS         19  2.98

             Peterson College
    Advisees of Professor Pete Peters
         Fall 2013 to Spring 2014

ID   Student Name      Degree  CrHrs   GPA
------------------------------------------
1719 Boole, George     BS         17  3.87
2056 Pascal, Blaise    M          16  3.14
3348 Berry, Clifford   BS         12  3.56
3834 Lovelace, Ada     BS         15  3.90
4242 Watson, Tom       BS         14  3.33
5132 Hopper, Grace     AS         13  2.85
6000 Fallon, Jimmy     BA         15  2.10
6177 Gates, Bill       BS         12  1.92
7676 Shell, Donald     MS         23  4.00
7843 Mauchly, John     M          21  4.00
9292 Hollerith, Herman BS         19  2.98

                       Average GPA:   3.24
   Average nubmber of credit hours:   16.1